<?xml version="1.0" encoding="UTF-8"?>
<!-- Generated by org.testng.reporters.JUnitReportReporter -->
<testsuite hostname="DESKTOP-81AQJ9C" failures="0" tests="4" name="test.sauceDemoTest" time="2.475" errors="0" timestamp="2025-04-22T11:40:22 CEST" skipped="0">
  <testcase classname="test.sauceDemoTest" name="sauceDemosearch" time="0.262"/>
  <system-out/>
  <testcase classname="test.sauceDemoTest" name="sauceDemoAddProduct" time="0.851"/>
  <system-out/>
  <testcase classname="test.sauceDemoTest" name="sauceDemoLogout" time="0.836"/>
  <system-out/>
  <testcase classname="test.sauceDemoTest" name="sauceDemoLogin" time="0.526"/>
  <system-out/>
</testsuite> <!-- test.sauceDemoTest -->
